2023-11-13 16:02:46 error: uncaughtException: Route.get() requires a callback function but got a [object Undefined]
Error: Route.get() requires a callback function but got a [object Undefined]
    at Route.<computed> [as get] (/mnt/8464326A64325EDC/Projects/MSE/MSE Backend/node_modules/.pnpm/express@4.18.2/node_modules/express/lib/router/route.js:211:15)
    at Function.app.<computed> [as get] (/mnt/8464326A64325EDC/Projects/MSE/MSE Backend/node_modules/.pnpm/express@4.18.2/node_modules/express/lib/application.js:499:19)
    at App.initializeRoutes (/mnt/8464326A64325EDC/Projects/MSE/MSE Backend/src/app.ts:57:14)
    at new App (/mnt/8464326A64325EDC/Projects/MSE/MSE Backend/src/app.ts:24:10)
    at Object.<anonymous> (/mnt/8464326A64325EDC/Projects/MSE/MSE Backend/src/server.ts:6:13)
    at Module._compile (node:internal/modules/cjs/loader:1256:14)
    at Module.m._compile (/mnt/8464326A64325EDC/Projects/MSE/MSE Backend/node_modules/.pnpm/ts-node@10.9.1_@types+node@20.9.0_typescript@5.2.2/node_modules/ts-node/src/index.ts:1618:23)
    at Module._extensions..js (node:internal/modules/cjs/loader:1310:10)
    at Object.require.extensions.<computed> [as .ts] (/mnt/8464326A64325EDC/Projects/MSE/MSE Backend/node_modules/.pnpm/ts-node@10.9.1_@types+node@20.9.0_typescript@5.2.2/node_modules/ts-node/src/index.ts:1621:12)
    at Module.load (node:internal/modules/cjs/loader:1119:32)
2023-11-13 16:03:10 error: uncaughtException: Route.put() requires a callback function but got a [object Undefined]
Error: Route.put() requires a callback function but got a [object Undefined]
    at Route.<computed> [as put] (/mnt/8464326A64325EDC/Projects/MSE/MSE Backend/node_modules/.pnpm/express@4.18.2/node_modules/express/lib/router/route.js:211:15)
    at Function.app.<computed> [as put] (/mnt/8464326A64325EDC/Projects/MSE/MSE Backend/node_modules/.pnpm/express@4.18.2/node_modules/express/lib/application.js:499:19)
    at App.initializeRoutes (/mnt/8464326A64325EDC/Projects/MSE/MSE Backend/src/app.ts:58:14)
    at new App (/mnt/8464326A64325EDC/Projects/MSE/MSE Backend/src/app.ts:24:10)
    at Object.<anonymous> (/mnt/8464326A64325EDC/Projects/MSE/MSE Backend/src/server.ts:6:13)
    at Module._compile (node:internal/modules/cjs/loader:1256:14)
    at Module.m._compile (/mnt/8464326A64325EDC/Projects/MSE/MSE Backend/node_modules/.pnpm/ts-node@10.9.1_@types+node@20.9.0_typescript@5.2.2/node_modules/ts-node/src/index.ts:1618:23)
    at Module._extensions..js (node:internal/modules/cjs/loader:1310:10)
    at Object.require.extensions.<computed> [as .ts] (/mnt/8464326A64325EDC/Projects/MSE/MSE Backend/node_modules/.pnpm/ts-node@10.9.1_@types+node@20.9.0_typescript@5.2.2/node_modules/ts-node/src/index.ts:1621:12)
    at Module.load (node:internal/modules/cjs/loader:1119:32)
2023-11-13 16:24:54 error: uncaughtException: EIO: i/o error, write
Error: EIO: i/o error, write
    at writeSync (node:fs:936:3)
    at SyncWriteStream._write (node:internal/fs/sync_write_stream:26:3)
    at writeOrBuffer (node:internal/streams/writable:392:12)
    at _write (node:internal/streams/writable:333:10)
    at SyncWriteStream.Writable.write (node:internal/streams/writable:337:10)
    at Console.log (/mnt/8464326A64325EDC/Projects/MSE/MSE Backend/node_modules/.pnpm/winston@3.11.0/node_modules/winston/lib/winston/transports/console.js:79:23)
    at Console._write (/mnt/8464326A64325EDC/Projects/MSE/MSE Backend/node_modules/.pnpm/winston-transport@4.6.0/node_modules/winston-transport/index.js:103:17)
    at doWrite (/mnt/8464326A64325EDC/Projects/MSE/MSE Backend/node_modules/.pnpm/readable-stream@3.6.2/node_modules/readable-stream/lib/_stream_writable.js:390:139)
    at writeOrBuffer (/mnt/8464326A64325EDC/Projects/MSE/MSE Backend/node_modules/.pnpm/readable-stream@3.6.2/node_modules/readable-stream/lib/_stream_writable.js:381:5)
    at Console.Writable.write (/mnt/8464326A64325EDC/Projects/MSE/MSE Backend/node_modules/.pnpm/readable-stream@3.6.2/node_modules/readable-stream/lib/_stream_writable.js:302:11)
